[2017-09-20 11:26:08] (ERROR @ /var/www/hdr.dev/public/core/components/pdotools/model/pdotools/pdotools.class.php : 942) Provider for 'files' not found
[2017-09-20 11:26:08] (ERROR @ /var/www/hdr.dev/public/core/components/pdotools/model/pdotools/pdotools.class.php : 942) Provider for 'files' not found
[2017-09-20 11:35:00] (ERROR @ /var/www/hdr.dev/public/core/components/pdotools/model/pdotools/pdotools.class.php : 942) Unexpected tag 'extend' in dd5830536febabda3c0e8a634cdb594b line 1, near '{extend 'file: templates/contacts.tpl'' <- there
[2017-09-20 11:35:00] (ERROR @ /var/www/hdr.dev/public/core/components/pdotools/model/pdotools/pdotools.class.php : 942) Unexpected tag 'extend' in dd5830536febabda3c0e8a634cdb594b line 1, near '{extend 'file: templates/contacts.tpl'' <- there
[2017-09-20 11:35:26] (ERROR @ /var/www/hdr.dev/public/core/components/pdotools/model/pdotools/pdotools.class.php : 942) Template  templates/contacts.tpl not found
[2017-09-20 11:35:26] (ERROR @ /var/www/hdr.dev/public/core/components/pdotools/model/pdotools/pdotools.class.php : 942) Template  templates/contacts.tpl not found
[2017-09-20 11:35:28] (ERROR @ /var/www/hdr.dev/public/core/components/pdotools/model/pdotools/pdotools.class.php : 942) Template  templates/contacts.tpl not found
[2017-09-20 11:35:28] (ERROR @ /var/www/hdr.dev/public/core/components/pdotools/model/pdotools/pdotools.class.php : 942) Template  templates/contacts.tpl not found
[2017-09-20 11:43:50] (ERROR @ /var/www/hdr.dev/public/core/components/pdotools/model/pdotools/pdotools.class.php : 942) Template  templates/contacts.tpl not found
[2017-09-20 11:43:50] (ERROR @ /var/www/hdr.dev/public/core/components/pdotools/model/pdotools/pdotools.class.php : 942) Template  templates/contacts.tpl not found
[2017-09-20 11:44:29] (ERROR @ /var/www/hdr.dev/public/core/model/modx/modcachemanager.class.php : 344) Error caching lexicon topic lexicon/en/core/default
[2017-09-20 11:44:30] (ERROR @ /var/www/hdr.dev/public/core/model/modx/modcachemanager.class.php : 394) Error caching action map mgr/actions
[2017-09-21 07:58:14] (ERROR @ /var/www/hdr.dev/public/core/model/modx/modcachemanager.class.php : 344) Error caching lexicon topic lexicon/ru/core/element
[2017-09-21 07:58:20] (ERROR @ /var/www/hdr.dev/public/core/model/phpthumb/modphpthumb.class.php : 121) phpThumb was unable to generate a thumbnail for: /var/www/hdr.dev/public/core/cache/phpthumb/hdr.dev__srcb94ba7c1b3839191d90643ee3cc5a1e3_par0ba78bb0326502335f8683fdf331013a_dat0.jpeg
[2017-09-21 07:58:20] (ERROR @ /var/www/hdr.dev/public/core/model/phpthumb/modphpthumb.class.php : 133) Error outputting thumbnail:
OutputThumbnail() failed because !is_resource($this->gdimg_output) in file "phpthumb.class.php" on line 618
[2017-09-21 07:58:21] (ERROR @ /var/www/hdr.dev/public/core/model/phpthumb/modphpthumb.class.php : 121) phpThumb was unable to generate a thumbnail for: /var/www/hdr.dev/public/core/cache/phpthumb/hdr.dev__srcb94ba7c1b3839191d90643ee3cc5a1e3_par0ba78bb0326502335f8683fdf331013a_dat0.jpeg
[2017-09-21 07:58:21] (ERROR @ /var/www/hdr.dev/public/core/model/phpthumb/modphpthumb.class.php : 133) Error outputting thumbnail:
OutputThumbnail() failed because !is_resource($this->gdimg_output) in file "phpthumb.class.php" on line 618
[2017-09-21 08:02:37] (ERROR @ /var/www/hdr.dev/public/core/model/phpthumb/modphpthumb.class.php : 121) phpThumb was unable to generate a thumbnail for: /var/www/hdr.dev/public/core/cache/phpthumb/hdr.dev__srcb94ba7c1b3839191d90643ee3cc5a1e3_para95f258bc18dc30681cee21a9e1d4a3b_dat0.jpeg
[2017-09-21 08:02:37] (ERROR @ /var/www/hdr.dev/public/core/model/phpthumb/modphpthumb.class.php : 133) Error outputting thumbnail:
OutputThumbnail() failed because !is_resource($this->gdimg_output) in file "phpthumb.class.php" on line 618
[2017-09-22 07:15:23] (ERROR @ /var/www/hdr.dev/public/core/model/modx/modcachemanager.class.php : 344) Error caching lexicon topic lexicon/en/fastuploadtv/default
[2017-09-22 08:25:32] (ERROR @ /var/www/hdr.dev/public/core/components/pdotools/model/pdotools/pdotools.class.php : 942) Unclosed tag: {block} opened on line 2
[2017-09-22 08:25:32] (ERROR @ /var/www/hdr.dev/public/core/components/pdotools/model/pdotools/pdotools.class.php : 942) Unclosed tag: {block} opened on line 2
[2017-09-22 14:16:34] (ERROR @ /var/www/hdr.dev/public/core/components/pdotools/model/pdotools/pdotools.class.php : 942) Unexpected end of expression in file:templates/project.tpl line 49, near '{if' <- there
[2017-09-22 14:16:34] (ERROR @ /var/www/hdr.dev/public/core/components/pdotools/model/pdotools/pdotools.class.php : 942) Unexpected end of expression in file:templates/project.tpl line 49, near '{if' <- there
[2017-09-22 14:16:37] (ERROR @ /var/www/hdr.dev/public/core/components/pdotools/model/pdotools/pdotools.class.php : 942) Unexpected end of expression in file:templates/project.tpl line 49, near '{if' <- there
[2017-09-22 14:16:37] (ERROR @ /var/www/hdr.dev/public/core/components/pdotools/model/pdotools/pdotools.class.php : 942) Unexpected end of expression in file:templates/project.tpl line 49, near '{if' <- there
